<?xml version="1.0" encoding="UTF-8"?>
<!-- Generated by org.testng.reporters.JUnitReportReporter -->
<testsuite hostname="DESKTOP-JL09IP6" failures="0" tests="1" name="com.packt.tests.WindowsAndFrame" time="16.655" errors="0" timestamp="24 Jan 2023 06:45:38 GMT" skipped="0">
  <testcase classname="com.packt.tests.WindowsAndFrame" name="wysiwygEditorTest" time="16.655"/>
</testsuite> <!-- com.packt.tests.WindowsAndFrame -->
