<?xml version="1.0" encoding="UTF-8"?>
<!-- Generated by org.testng.reporters.JUnitReportReporter -->
<testsuite hostname="DESKTOP-JL09IP6" failures="0" tests="1" name="com.packt.tests.Registration" time="16.323" errors="0" timestamp="03 Mar 2023 07:28:01 GMT" skipped="0">
  <testcase classname="com.packt.tests.Registration" name="registration" time="16.323"/>
</testsuite> <!-- com.packt.tests.Registration -->
