<?xml version="1.0" encoding="UTF-8"?>
<!-- Generated by org.testng.reporters.JUnitReportReporter -->
<testsuite hostname="DESKTOP-JL09IP6" failures="0" tests="2" name="com.packt.tests.AlertsTest" time="33.931" errors="0" timestamp="24 Jan 2023 05:07:48 GMT" skipped="0">
  <testcase classname="com.packt.tests.AlertsTest" name="alertstestbutton" time="19.874"/>
  <testcase classname="com.packt.tests.AlertsTest" name="alertconfirm" time="14.057"/>
</testsuite> <!-- com.packt.tests.AlertsTest -->
