<?xml version="1.0" encoding="UTF-8"?>
<!-- Generated by org.testng.reporters.JUnitReportReporter -->
<testsuite hostname="DESKTOP-JL09IP6" failures="0" tests="1" name="com.packt.tests.LoginTest" time="5.034" errors="0" timestamp="12 Jan 2023 11:26:40 GMT" skipped="0">
  <testcase classname="com.packt.tests.LoginTest" name="logInTest" time="5.034"/>
</testsuite> <!-- com.packt.tests.LoginTest -->
